<?xml version="1.0" encoding="UTF-8"?>
<!-- Generated by org.testng.reporters.JUnitReportReporter -->
<testsuite hostname="DESKTOP-1190FAR" failures="0" tests="1" name="Testng.Test1" time="0.026" errors="0" timestamp="2022-04-20T18:13:06 IST" skipped="0">
  <testcase classname="Testng.Test1" name="tc1" time="0.026"/>
  <system-out>
    <![CDATA[Hello Java
Hello Selenium]]>
  </system-out>
</testsuite> <!-- Testng.Test1 -->
