<?xml version="1.0" encoding="UTF-8"?>
<!-- Generated by org.testng.reporters.JUnitReportReporter -->
<testsuite hostname="DESKTOP-1190FAR" failures="0" tests="7" name="Testng.Test2" time="0.050" errors="0" timestamp="2022-04-20T18:15:39 IST" skipped="1">
  <testcase classname="Testng.Test2" name="calls" time="0.033"/>
  <system-out>
    <![CDATA[Calls]]>
  </system-out>
  <testcase classname="Testng.Test2" name="chats" time="0.002"/>
  <system-out>
    <![CDATA[Chats]]>
  </system-out>
  <testcase classname="Testng.Test2" name="chats" time="0.002"/>
  <system-out>
    <![CDATA[Chats]]>
  </system-out>
  <testcase classname="Testng.Test2" name="chats" time="0.007"/>
  <system-out>
    <![CDATA[Chats]]>
  </system-out>
  <testcase classname="Testng.Test2" name="chats" time="0.003"/>
  <system-out>
    <![CDATA[Chats]]>
  </system-out>
  <testcase classname="Testng.Test2" name="chats" time="0.003"/>
  <system-out>
    <![CDATA[Chats]]>
  </system-out>
  <testcase classname="Testng.Test2" name="Settings">
    <skipped/>
  </testcase> <!-- Settings -->
  <system-out/>
</testsuite> <!-- Testng.Test2 -->
